<?xml version="1.0" encoding="UTF-8"?>
<testng-results ignored="0" total="1" passed="1" failed="0" skipped="0">
  <reporter-output>
  </reporter-output>
  <suite started-at="2023-11-23T16:49:50 IST" name="Gradle suite" finished-at="2023-11-23T16:49:57 IST" duration-ms="6579">
    <groups>
    </groups>
    <test started-at="2023-11-23T16:49:50 IST" name="Gradle test" finished-at="2023-11-23T16:49:57 IST" duration-ms="6579">
      <class name="com.test.webapps.WebTests">
        <test-method is-config="true" signature="setup()[pri:0, instance:com.test.webapps.WebTests@266374ef]" started-at="2023-11-23T16:49:50 IST" name="setup" finished-at="2023-11-23T16:49:53 IST" duration-ms="2690" status="PASS">
          <reporter-output>
          </reporter-output>
        </test-method> <!-- setup -->
        <test-method signature="webTesting()[pri:0, instance:com.test.webapps.WebTests@266374ef]" started-at="2023-11-23T16:49:53 IST" name="webTesting" finished-at="2023-11-23T16:49:57 IST" duration-ms="3602" status="PASS">
          <reporter-output>
          </reporter-output>
        </test-method> <!-- webTesting -->
        <test-method is-config="true" signature="tearDown()[pri:0, instance:com.test.webapps.WebTests@266374ef]" started-at="2023-11-23T16:49:57 IST" name="tearDown" finished-at="2023-11-23T16:49:57 IST" duration-ms="170" status="PASS">
          <reporter-output>
          </reporter-output>
        </test-method> <!-- tearDown -->
      </class> <!-- com.test.webapps.WebTests -->
    </test> <!-- Gradle test -->
  </suite> <!-- Gradle suite -->
</testng-results>
